# JRE version: OpenJDK Runtime Environment (8.0_275-b01) (build 1.8.0_275-b01)
# Java VM: OpenJDK 64-Bit Server VM (25.275-b01 mixed mode bsd-amd64 compressed oops)
Heap:
 PSYoungGen      total 1002496K, used 519973K [0x000000076ab00000, 0x00000007bf800000, 0x00000007c0000000)
  eden space 612352K, 79% used [0x000000076ab00000,0x00000007885e2568,0x0000000790100000)
  from space 390144K, 8% used [0x00000007a7880000,0x00000007a9967130,0x00000007bf580000)
  to   space 384512K, 0% used [0x0000000790100000,0x0000000790100000,0x00000007a7880000)
 ParOldGen       total 910336K, used 782744K [0x00000006c0000000, 0x00000006f7900000, 0x000000076ab00000)
  object space 910336K, 85% used [0x00000006c0000000,0x00000006efc662a8,0x00000006f7900000)
 Metaspace       used 86747K, capacity 96794K, committed 96944K, reserved 1132544K
  class space    used 12341K, capacity 14738K, committed 14768K, reserved 1048576K
GC Heap History (10 events):
Event: 36.770 GC heap before
{Heap before GC invocations=48 (full 4):
 PSYoungGen      total 1110528K, used 1110517K [0x000000076ab00000, 0x00000007c0000000, 0x00000007c0000000)
  eden space 858624K, 100% used [0x000000076ab00000,0x000000079f180000,0x000000079f180000)
  from space 251904K, 99% used [0x000000079f180000,0x00000007ae77d418,0x00000007ae780000)
  to   space 287232K, 0% used [0x00000007ae780000,0x00000007ae780000,0x00000007c0000000)
 ParOldGen       total 910336K, used 698722K [0x00000006c0000000, 0x00000006f7900000, 0x000000076ab00000)
  object space 910336K, 76% used [0x00000006c0000000,0x00000006eaa58a90,0x00000006f7900000)
 Metaspace       used 75311K, capacity 83392K, committed 83632K, reserved 1120256K
  class space    used 10898K, capacity 12923K, committed 12976K, reserved 1048576K
Event: 37.073 GC heap after
Heap after GC invocations=48 (full 4):
 PSYoungGen      total 935424K, used 287213K [0x000000076ab00000, 0x00000007c0000000, 0x00000007c0000000)
  eden space 648192K, 0% used [0x000000076ab00000,0x000000076ab00000,0x0000000792400000)
  from space 287232K, 99% used [0x00000007ae780000,0x00000007bfffb580,0x00000007c0000000)
  to   space 374784K, 0% used [0x0000000792400000,0x0000000792400000,0x00000007a9200000)
 ParOldGen       total 910336K, used 736573K [0x00000006c0000000, 0x00000006f7900000, 0x000000076ab00000)
  object space 910336K, 80% used [0x00000006c0000000,0x00000006ecf4f680,0x00000006f7900000)
 Metaspace       used 75311K, capacity 83392K, committed 83632K, reserved 1120256K
  class space    used 10898K, capacity 12923K, committed 12976K, reserved 1048576K
}
Event: 39.691 GC heap before
{Heap before GC invocations=49 (full 4):
 PSYoungGen      total 935424K, used 935405K [0x000000076ab00000, 0x00000007c0000000, 0x00000007c0000000)
  eden space 648192K, 100% used [0x000000076ab00000,0x0000000792400000,0x0000000792400000)
  from space 287232K, 99% used [0x00000007ae780000,0x00000007bfffb580,0x00000007c0000000)
  to   space 374784K, 0% used [0x0000000792400000,0x0000000792400000,0x00000007a9200000)
 ParOldGen       total 910336K, used 736573K [0x00000006c0000000, 0x00000006f7900000, 0x000000076ab00000)
  object space 910336K, 80% used [0x00000006c0000000,0x00000006ecf4f680,0x00000006f7900000)
 Metaspace       used 82303K, capacity 91324K, committed 91568K, reserved 1126400K
  class space    used 11901K, capacity 14141K, committed 14256K, reserved 1048576K
Event: 39.957 GC heap after
Heap after GC invocations=49 (full 4):
 PSYoungGen      total 937984K, used 289630K [0x000000076ab00000, 0x00000007c0000000, 0x00000007c0000000)
  eden space 648192K, 0% used [0x000000076ab00000,0x000000076ab00000,0x0000000792400000)
  from space 289792K, 99% used [0x0000000792400000,0x00000007a3ed7af0,0x00000007a3f00000)
  to   space 403968K, 0% used [0x00000007a7580000,0x00000007a7580000,0x00000007c0000000)
 ParOldGen       total 910336K, used 744424K [0x00000006c0000000, 0x00000006f7900000, 0x000000076ab00000)
  object space 910336K, 81% used [0x00000006c0000000,0x00000006ed6fa2d0,0x00000006f7900000)
 Metaspace       used 82303K, capacity 91324K, committed 91568K, reserved 1126400K
  class space    used 11901K, capacity 14141K, committed 14256K, reserved 1048576K
}
Event: 47.332 GC heap before
{Heap before GC invocations=50 (full 4):
 PSYoungGen      total 937984K, used 937822K [0x000000076ab00000, 0x00000007c0000000, 0x00000007c0000000)
  eden space 648192K, 100% used [0x000000076ab00000,0x0000000792400000,0x0000000792400000)
  from space 289792K, 99% used [0x0000000792400000,0x00000007a3ed7af0,0x00000007a3f00000)
  to   space 403968K, 0% used [0x00000007a7580000,0x00000007a7580000,0x00000007c0000000)
 ParOldGen       total 910336K, used 744424K [0x00000006c0000000, 0x00000006f7900000, 0x000000076ab00000)
  object space 910336K, 81% used [0x00000006c0000000,0x00000006ed6fa2d0,0x00000006f7900000)
 Metaspace       used 85476K, capacity 95376K, committed 95664K, reserved 1130496K
  class space    used 12262K, capacity 14655K, committed 14768K, reserved 1048576K
Event: 47.456 GC heap after
Heap after GC invocations=50 (full 4):
 PSYoungGen      total 1010688K, used 121984K [0x000000076ab00000, 0x00000007c0000000, 0x00000007c0000000)
  eden space 606720K, 0% used [0x000000076ab00000,0x000000076ab00000,0x000000078fb80000)
  from space 403968K, 30% used [0x00000007a7580000,0x00000007aeca01e0,0x00000007c0000000)
  to   space 387072K, 0% used [0x000000078fb80000,0x000000078fb80000,0x00000007a7580000)
 ParOldGen       total 910336K, used 768976K [0x00000006c0000000, 0x00000006f7900000, 0x000000076ab00000)
  object space 910336K, 84% used [0x00000006c0000000,0x00000006eeef4370,0x00000006f7900000)
 Metaspace       used 85476K, capacity 95376K, committed 95664K, reserved 1130496K
  class space    used 12262K, capacity 14655K, committed 14768K, reserved 1048576K
}
Event: 65.794 GC heap before
{Heap before GC invocations=51 (full 4):
 PSYoungGen      total 1010688K, used 728704K [0x000000076ab00000, 0x00000007c0000000, 0x00000007c0000000)
  eden space 606720K, 100% used [0x000000076ab00000,0x000000078fb80000,0x000000078fb80000)
  from space 403968K, 30% used [0x00000007a7580000,0x00000007aeca01e0,0x00000007c0000000)
  to   space 387072K, 0% used [0x000000078fb80000,0x000000078fb80000,0x00000007a7580000)
 ParOldGen       total 910336K, used 768976K [0x00000006c0000000, 0x00000006f7900000, 0x000000076ab00000)
  object space 910336K, 84% used [0x00000006c0000000,0x00000006eeef4370,0x00000006f7900000)
 Metaspace       used 86269K, capacity 96228K, committed 96432K, reserved 1130496K
  class space    used 12292K, capacity 14675K, committed 14768K, reserved 1048576K
Event: 65.829 GC heap after
Heap after GC invocations=51 (full 4):
 PSYoungGen      total 993792K, used 10217K [0x000000076ab00000, 0x00000007bf580000, 0x00000007c0000000)
  eden space 606720K, 0% used [0x000000076ab00000,0x000000076ab00000,0x000000078fb80000)
  from space 387072K, 2% used [0x000000078fb80000,0x000000079057a6f8,0x00000007a7580000)
  to   space 390144K, 0% used [0x00000007a7880000,0x00000007a7880000,0x00000007bf580000)
 ParOldGen       total 910336K, used 781988K [0x00000006c0000000, 0x00000006f7900000, 0x000000076ab00000)
  object space 910336K, 85% used [0x00000006c0000000,0x00000006efba9128,0x00000006f7900000)
 Metaspace       used 86269K, capacity 96228K, committed 96432K, reserved 1130496K
  class space    used 12292K, capacity 14675K, committed 14768K, reserved 1048576K
}
Event: 81.593 GC heap before
{Heap before GC invocations=52 (full 4):
 PSYoungGen      total 993792K, used 616937K [0x000000076ab00000, 0x00000007bf580000, 0x00000007c0000000)
  eden space 606720K, 100% used [0x000000076ab00000,0x000000078fb80000,0x000000078fb80000)
  from space 387072K, 2% used [0x000000078fb80000,0x000000079057a6f8,0x00000007a7580000)
  to   space 390144K, 0% used [0x00000007a7880000,0x00000007a7880000,0x00000007bf580000)
 ParOldGen       total 910336K, used 781988K [0x00000006c0000000, 0x00000006f7900000, 0x000000076ab00000)
  object space 910336K, 85% used [0x00000006c0000000,0x00000006efba9128,0x00000006f7900000)
 Metaspace       used 86728K, capacity 96790K, committed 96944K, reserved 1132544K
  class space    used 12340K, capacity 14736K, committed 14768K, reserved 1048576K
Event: 81.634 GC heap after
Heap after GC invocations=52 (full 4):
 PSYoungGen      total 1002496K, used 33692K [0x000000076ab00000, 0x00000007bf800000, 0x00000007c0000000)
  eden space 612352K, 0% used [0x000000076ab00000,0x000000076ab00000,0x0000000790100000)
  from space 390144K, 8% used [0x00000007a7880000,0x00000007a9967130,0x00000007bf580000)
  to   space 384512K, 0% used [0x0000000790100000,0x0000000790100000,0x00000007a7880000)
 ParOldGen       total 910336K, used 782744K [0x00000006c0000000, 0x00000006f7900000, 0x000000076ab00000)
  object space 910336K, 85% used [0x00000006c0000000,0x00000006efc662a8,0x00000006f7900000)
 Metaspace       used 86728K, capacity 96790K, committed 96944K, reserved 1132544K
  class space    used 12340K, capacity 14736K, committed 14768K, reserved 1048576K
}

